<?xml version="1.0" encoding="utf-8"?><testsuites name="pytest tests"><testsuite name="pytest" errors="0" failures="0" skipped="0" tests="7" time="52.351" timestamp="2026-08-31T15:45:23.298821+00:00" hostname="agent-env-3a91e216-3673-41ba-b4a1-bacf35ddcaf7"><testcase classname="tests.test_goal_versioning" name="test_get_goal_shape" time="0.895" /><testcase classname="tests.test_goal_versioning" name="test_targets_goal_and_optimum_note" time="0.534" /><testcase classname="tests.test_goal_versioning" name="test_target_choose_switches_plan[conservative]" time="0.292" /><testcase classname="tests.test_goal_versioning" name="test_target_choose_switches_plan[stretch]" time="0.296" /><testcase classname="tests.test_goal_versioning" name="test_target_choose_switches_plan[expected]" time="0.256" /><testcase classname="tests.test_goal_versioning" name="test_target_choose_invalid_label" time="0.077" /><testcase classname="tests.test_goal_versioning" name="test_optimum_preview_and_cache" time="49.875" /></testsuite></testsuites>