<?xml version="1.0" encoding="utf-8"?><testsuites name="pytest tests"><testsuite name="pytest" errors="0" failures="0" skipped="0" tests="4" time="6.899" timestamp="2026-08-31T00:42:37.268236+00:00" hostname="agent-env-3a91e216-3673-41ba-b4a1-bacf35ddcaf7"><testcase classname="tests.test_bug_fixes_iter7" name="test_upload_returns_matching_sha256" time="0.861" /><testcase classname="tests.test_bug_fixes_iter7" name="test_generate_logs_upload_and_render_sha_match" time="5.594" /><testcase classname="tests.test_bug_fixes_iter7" name="test_no_stock_substitution_in_code" time="0.000" /><testcase classname="tests.test_bug_fixes_iter7" name="test_plan_or_targets_exposes_three_renders" time="0.117" /></testsuite></testsuites>