<?xml version="1.0" encoding="utf-8"?><testsuites name="pytest tests"><testsuite name="pytest" errors="0" failures="3" skipped="0" tests="30" time="18.543" timestamp="2026-08-30T22:13:38.972422+00:00" hostname="agent-env-3a91e216-3673-41ba-b4a1-bacf35ddcaf7"><testcase classname="tests.backend_test.TestAuth" name="test_health" time="0.207" /><testcase classname="tests.backend_test.TestAuth" name="test_signup_underage_rejected" time="0.135" /><testcase classname="tests.backend_test.TestAuth" name="test_signup_missing_consent_rejected" time="0.118" /><testcase classname="tests.backend_test.TestAuth" name="test_signup_duplicate_email" time="0.460" /><testcase classname="tests.backend_test.TestAuth" name="test_login_success" time="0.694" /><testcase classname="tests.backend_test.TestAuth" name="test_login_wrong_password" time="0.672" /><testcase classname="tests.backend_test.TestAuth" name="test_me_requires_token" time="0.583" /><testcase classname="tests.backend_test.TestOnboarding" name="test_profile_healthy_user_not_blocked" time="0.124" /><testcase classname="tests.backend_test.TestOnboarding" name="test_generate_blocked_for_pregnant_user" time="0.818" /><testcase classname="tests.backend_test.TestOnboarding" name="test_generate_blocked_for_ed_history" time="0.564" /><testcase classname="tests.backend_test.TestPhoto" name="test_upload_photo" time="0.258" /><testcase classname="tests.backend_test.TestPhoto" name="test_file_requires_token" time="0.125" /><testcase classname="tests.backend_test.TestPhoto" name="test_file_owner_can_fetch" time="0.246" /><testcase classname="tests.backend_test.TestPhoto" name="test_file_other_user_forbidden" time="0.472" /><testcase classname="tests.backend_test.TestGenerate" name="test_generate_full_flow" time="2.345"><failure message="Failed: Generate errored: Image model returned no image">backend/tests/backend_test.py:196: in test_generate_full_flow
    pytest.fail(f"Generate errored: {final.get('error')}")
E   Failed: Generate errored: Image model returned no image</failure></testcase><testcase classname="tests.backend_test.TestTargetsAndPlan" name="test_targets_endpoint" time="0.110"><failure message="assert 404 == 200&#10; +  where 404 = &lt;Response [404]&gt;.status_code">backend/tests/backend_test.py:211: in test_targets_endpoint
    assert r.status_code == 200
E   assert 404 == 200
E    +  where 404 = &lt;Response [404]&gt;.status_code</failure></testcase><testcase classname="tests.backend_test.TestTargetsAndPlan" name="test_choose_target_builds_plan" time="0.107" /><testcase classname="tests.backend_test.TestTargetsAndPlan" name="test_choose_invalid_label" time="0.128" /><testcase classname="tests.backend_test.TestTargetsAndPlan" name="test_get_plan" time="0.108" /><testcase classname="tests.backend_test.TestTargetsAndPlan" name="test_plan_env_swap_bodyweight" time="0.131" /><testcase classname="tests.backend_test.TestLogs" name="test_upsert_log_normal" time="0.153" /><testcase classname="tests.backend_test.TestLogs" name="test_upsert_log_recovery" time="0.125" /><testcase classname="tests.backend_test.TestLogs" name="test_list_logs" time="0.141" /><testcase classname="tests.backend_test.TestLogs" name="test_today" time="0.130" /><testcase classname="tests.backend_test.TestCoach" name="test_coach_surgical_filter" time="8.171" /><testcase classname="tests.backend_test.TestCoach" name="test_coach_messages_history" time="0.162" /><testcase classname="tests.backend_test.TestProgressAndAccount" name="test_progress" time="0.115"><failure message="assert None is not None">backend/tests/backend_test.py:317: in test_progress
    assert p["chosen_render"] is not None
E   assert None is not None</failure></testcase><testcase classname="tests.backend_test.TestProgressAndAccount" name="test_progress_photo_upload" time="0.291" /><testcase classname="tests.backend_test.TestProgressAndAccount" name="test_export" time="0.127" /><testcase classname="tests.backend_test.TestProgressAndAccount" name="test_delete_account_last" time="0.594" /></testsuite></testsuites>