<?xml version="1.0" encoding="utf-8"?><testsuites name="pytest tests"><testsuite name="pytest" errors="0" failures="0" skipped="0" tests="13" time="1.884" timestamp="2026-08-31T00:23:22.938602+00:00" hostname="agent-env-3a91e216-3673-41ba-b4a1-bacf35ddcaf7"><testcase classname="tests.test_plan_verification.TestExerciseMedia" name="test_form_cues_non_empty_default" time="0.639" /><testcase classname="tests.test_plan_verification.TestEnvironmentToggle" name="test_home_no_equipment_all_bodyweight" time="0.765" /><testcase classname="tests.test_plan_verification.TestEnvironmentToggle" name="test_home_no_equipment_no_barbell" time="0.000" /><testcase classname="tests.test_plan_verification.TestExerciseMedia" name="test_form_cues_non_empty_home_no_eq" time="0.202" /><testcase classname="tests.test_plan_verification.TestExerciseMedia" name="test_poster_image_url_field_present" time="0.000" /><testcase classname="tests.test_plan_verification.TestExerciseMedia" name="test_exercise_slugs_and_stats" time="0.000" /><testcase classname="tests.test_plan_verification.TestProgressRenderStats" name="test_progress_has_chosen_render" time="0.190" /><testcase classname="tests.test_plan_verification.TestEnvironmentToggle" name="test_gym_has_barbell" time="0.206" /><testcase classname="tests.test_plan_verification.TestEnvironmentToggle" name="test_environment_label_reflected" time="0.000" /><testcase classname="tests.test_plan_verification.TestRenderExercisePoseStub" name="test_no_render_exercise_pose_route" time="0.511" /><testcase classname="tests.test_plan_verification.TestChosenRenderPath" name="test_chosen_render_path_field_present" time="0.135" /><testcase classname="tests.test_plan_verification.TestChosenRenderPath" name="test_chosen_render_path_non_empty" time="0.000" /><testcase classname="tests.test_plan_verification.TestChosenRenderPath" name="test_chosen_render_path_preserved_on_env_override" time="0.000" /></testsuite></testsuites>