<?xml version="1.0" encoding="utf-8"?><testsuites name="pytest tests"><testsuite name="pytest" errors="0" failures="0" skipped="0" tests="15" time="114.475" timestamp="2026-08-31T00:00:52.636590+00:00" hostname="agent-env-3a91e216-3673-41ba-b4a1-bacf35ddcaf7"><testcase classname="tests.test_magnitude_gate.TestGenerateWithQA" name="test_status_done" time="53.400" /><testcase classname="tests.test_magnitude_gate.TestGenerateWithQA" name="test_render_shape_and_qa[conservative]" time="0.000" /><testcase classname="tests.test_magnitude_gate.TestGenerateWithQA" name="test_render_shape_and_qa[expected]" time="0.000" /><testcase classname="tests.test_magnitude_gate.TestGenerateWithQA" name="test_render_shape_and_qa[stretch]" time="0.000" /><testcase classname="tests.test_magnitude_gate.TestGenerateWithQA" name="test_generate_render_files_downloadable" time="0.393" /><testcase classname="tests.test_magnitude_gate.TestFilesEndpoint" name="test_file_returns_png[0]" time="76.840" /><testcase classname="tests.test_magnitude_gate.TestFilesEndpoint" name="test_file_returns_png[1]" time="0.454" /><testcase classname="tests.test_magnitude_gate.TestFilesEndpoint" name="test_file_returns_png[2]" time="0.442" /><testcase classname="tests.test_magnitude_gate.TestFilesEndpoint" name="test_file_requires_token" time="0.151" /><testcase classname="tests.test_magnitude_gate.TestCalibrationView" name="test_view_missing_token" time="0.139" /><testcase classname="tests.test_magnitude_gate.TestCalibrationView" name="test_view_bad_token" time="0.171" /><testcase classname="tests.test_magnitude_gate.TestCalibrationView" name="test_view_ok_with_token" time="0.112" /><testcase classname="tests.test_magnitude_gate.TestCalibrationPersistence" name="test_data_persisted" time="60.356" /><testcase classname="tests.test_magnitude_gate.TestCalibrationPersistence" name="test_three_render_paths" time="0.000" /><testcase classname="tests.test_magnitude_gate.TestCalibrationPersistence" name="test_edge_response" time="0.000" /></testsuite></testsuites>