<?xml version="1.0" encoding="utf-8"?><testsuites name="pytest tests"><testsuite name="pytest" errors="0" failures="0" skipped="0" tests="10" time="96.569" timestamp="2026-08-31T00:10:37.179591+00:00" hostname="agent-env-3a91e216-3673-41ba-b4a1-bacf35ddcaf7"><testcase classname="tests.test_identity_gate" name="test_calibration_post_fast_and_returns_job" time="0.590" /><testcase classname="tests.test_identity_gate" name="test_calibration_job_done_shape" time="52.082" /><testcase classname="tests.test_identity_gate" name="test_calibration_renders_have_identity_fields" time="0.000" /><testcase classname="tests.test_identity_gate" name="test_calibration_identity_detected_and_passes" time="0.000" /><testcase classname="tests.test_identity_gate" name="test_calibration_view_route_not_shadowed" time="0.142" /><testcase classname="tests.test_identity_gate" name="test_calibration_view_requires_valid_token" time="0.115" /><testcase classname="tests.test_identity_gate" name="test_calibration_job_requires_auth" time="0.114" /><testcase classname="tests.test_identity_gate" name="test_calibration_files_return_image_bytes" time="1.339" /><testcase classname="tests.test_identity_gate" name="test_calibration_files_require_token" time="0.132" /><testcase classname="tests.test_identity_gate" name="test_generate_renders_have_identity_fields" time="41.726" /></testsuite></testsuites>